[2026-05-04T03:59:49.881Z] GET http://localhost:5173/create_user → 200 (5ms, 1388B)
[2026-05-04T03:59:49.889Z] GET http://localhost:5173/@vite/client → 200 (4ms, 86685B)
[2026-05-04T03:59:49.889Z] GET https://fonts.googleapis.com/css2?family=Be+Vietnam+Pro:ital,wght@0,100;0,200;0,300;0,400;0,500;0,600;0,700;0,800;0,900;1,100;1,200;1,300;1,400;1,500;1,600;1,700;1,800;1,900&display=swap → 200 (103ms, 23863B)
[2026-05-04T03:59:49.889Z] GET https://fonts.googleapis.com/css2?family=Be+Vietnam+Pro:ital,wght@0,100;0,200;0,300;0,400;0,500;0,600;0,700;0,800;0,900;1,100;1,200;1,300;1,400;1,500;1,600;1,700;1,800;1,900&family=Passion+One:wght@400;700;900&display=swap → 200 (106ms, 26498B)
[2026-05-04T03:59:49.889Z] GET http://localhost:5173/src/main.tsx?t=1777866998221 → 200 (6ms, 2585B)
[2026-05-04T03:59:49.892Z] GET http://localhost:5173/@react-refresh → 200 (6ms, 21597B)
[2026-05-04T03:59:49.894Z] GET http://localhost:5173/node_modules/.pnpm/vite@4.5.14_@types+node@25.6.0/node_modules/vite/dist/client/env.mjs → 200 (4ms, 3226B)
[2026-05-04T03:59:49.895Z] GET http://localhost:5173/node_modules/.vite/deps/react_jsx-dev-runtime.js?v=107359be → 200 (7ms, 37163B)
[2026-05-04T03:59:49.895Z] GET http://localhost:5173/node_modules/.vite/deps/react.js?v=107359be → 200 (8ms, 219B)
[2026-05-04T03:59:49.895Z] GET http://localhost:5173/node_modules/.vite/deps/react-dom_client.js?v=107359be → 200 (8ms, 1216B)
[2026-05-04T03:59:49.895Z] GET http://localhost:5173/src/App.tsx?t=1777866998221 → 200 (13ms, 12429B)
[2026-05-04T03:59:49.896Z] GET http://localhost:5173/src/index.css → 200 (6ms, 2054B)
[2026-05-04T03:59:49.896Z] GET http://localhost:5173/node_modules/.vite/deps/react-router-dom.js?v=107359be → 200 (19ms, 468539B)
[2026-05-04T03:59:49.902Z] GET http://localhost:5173/node_modules/.vite/deps/chunk-OBWBM66N.js?v=107359be → 200 (5ms, 77946B)
[2026-05-04T03:59:49.902Z] GET http://localhost:5173/node_modules/.vite/deps/chunk-UXIASGQL.js?v=107359be → 200 (4ms, 1400B)
[2026-05-04T03:59:49.903Z] GET http://localhost:5173/node_modules/.vite/deps/chunk-ORCCOME2.js?v=107359be → 200 (21ms, 929307B)
[2026-05-04T03:59:49.909Z] GET http://localhost:5173/src/App.css → 200 (5ms, 519B)
[2026-05-04T03:59:49.909Z] GET http://localhost:5173/src/components/navbar.tsx?t=1777866768924 → 200 (4ms, 10713B)
[2026-05-04T03:59:49.909Z] GET http://localhost:5173/src/pages/music.tsx → 200 (2ms, 1399B)
[2026-05-04T03:59:49.909Z] GET http://localhost:5173/src/pages/home.tsx → 200 (8ms, 1998B)
[2026-05-04T03:59:49.909Z] GET http://localhost:5173/src/pages/profile.tsx?t=1777866998221 → 200 (12ms, 9435B)
[2026-05-04T03:59:49.910Z] GET http://localhost:5173/src/pages/connect.tsx → 200 (8ms, 1572B)
[2026-05-04T03:59:49.910Z] GET http://localhost:5173/src/pages/performances.tsx → 200 (9ms, 1476B)
[2026-05-04T03:59:49.910Z] GET http://localhost:5173/src/pages/sign_in.tsx?t=1777866800607 → 200 (9ms, 1019B)
[2026-05-04T03:59:49.910Z] GET http://localhost:5173/src/context/AuthContext.tsx?t=1777866768924 → 200 (14ms, 5320B)
[2026-05-04T03:59:49.910Z] GET http://localhost:5173/src/pages/user_creation_page.tsx?t=1777866768924 → 200 (12ms, 1478B)
[2026-05-04T03:59:49.910Z] GET http://localhost:5173/src/components/ProtectedCreationRoute.tsx?t=1777866808756 → 200 (13ms, 4852B)
[2026-05-04T03:59:49.913Z] GET http://localhost:5173/src/components/largetext.tsx → 200 (10ms, 1363B)
[2026-05-04T03:59:49.913Z] GET http://localhost:5173/src/components/maintext.module.css → 200 (13ms, 14506B)
[2026-05-04T03:59:49.918Z] GET http://localhost:5173/src/components/details.tsx → 200 (9ms, 4939B)
[2026-05-04T03:59:49.918Z] GET http://localhost:5173/src/components/maintext.tsx → 200 (6ms, 5859B)
[2026-05-04T03:59:49.919Z] GET http://localhost:5173/src/components/sign_up_box.tsx?t=1777866800607 → 200 (5ms, 5567B)
[2026-05-04T03:59:49.921Z] GET http://localhost:5173/node_modules/.vite/deps/firebase_firestore.js?v=107359be → 200 (10ms, 739643B)
[2026-05-04T03:59:49.921Z] GET http://localhost:5173/src/components/profilecard.tsx → 200 (7ms, 17227B)
[2026-05-04T03:59:49.921Z] GET http://localhost:5173/src/firebase.ts?t=1777866768924 → 200 (6ms, 6418B)
[2026-05-04T03:59:49.922Z] GET http://localhost:5173/src/components/user_creation.tsx?t=1777866818285 → 200 (6ms, 64166B)
[2026-05-04T03:59:49.924Z] GET http://localhost:5173/node_modules/.vite/deps/react-google-button.js?v=107359be → 200 (4ms, 62690B)
[2026-05-04T03:59:49.924Z] GET http://localhost:5173/src/components/splashScreen.tsx → 200 (7ms, 1227B)
[2026-05-04T03:59:49.927Z] GET http://localhost:5173/node_modules/.vite/deps/firebase_app.js?v=107359be → 200 (1ms, 1922B)
[2026-05-04T03:59:49.927Z] GET http://localhost:5173/node_modules/.vite/deps/firebase_auth.js?v=107359be → 200 (4ms, 285565B)
[2026-05-04T03:59:49.927Z] GET http://localhost:5173/node_modules/.vite/deps/react-with-firebase-auth.js?v=107359be → 200 (4ms, 11486B)
[2026-05-04T03:59:49.929Z] GET http://localhost:5173/node_modules/.vite/deps/chunk-VH5XYXF4.js?v=107359be → 200 (2ms, 85873B)
[2026-05-04T03:59:50.016Z] GET https://googleapis.com/ → pending (?ms, ?B)
[2026-05-04T03:59:50.026Z] GET http://localhost:5173/public/logo(small)v2.png → pending (?ms, ?B)
[2026-05-04T03:59:50.033Z] GET https://fonts.gstatic.com/s/bevietnampro/v12/QdVPSTAyLFyeg_IDWvOJmVES_Hw3BXoYZ7Aj.woff2 → 200 (65ms, 12908B)
[2026-05-04T03:59:50.045Z] GET https://fonts.gstatic.com/s/bevietnampro/v12/QdVMSTAyLFyeg_IDWvOJmVES_HSMIG81Rb0JcBao.woff2 → 200 (45ms, 13348B)
[2026-05-04T04:00:44.965Z] GET http://localhost:5173/sign_in → 200 (2ms, 1388B)
[2026-05-04T04:00:44.971Z] GET http://localhost:5173/@vite/client → 200 (4ms, 86685B)
[2026-05-04T04:00:44.971Z] GET https://fonts.googleapis.com/css2?family=Be+Vietnam+Pro:ital,wght@0,100;0,200;0,300;0,400;0,500;0,600;0,700;0,800;0,900;1,100;1,200;1,300;1,400;1,500;1,600;1,700;1,800;1,900&display=swap → 200 (1ms, 23863B)
[2026-05-04T04:00:44.972Z] GET https://fonts.googleapis.com/css2?family=Be+Vietnam+Pro:ital,wght@0,100;0,200;0,300;0,400;0,500;0,600;0,700;0,800;0,900;1,100;1,200;1,300;1,400;1,500;1,600;1,700;1,800;1,900&family=Passion+One:wght@400;700;900&display=swap → 200 (1ms, 26498B)
[2026-05-04T04:00:44.974Z] GET http://localhost:5173/src/main.tsx?t=1777866998221 → 200 (1ms, 2585B)
[2026-05-04T04:00:44.974Z] GET http://localhost:5173/@react-refresh → 200 (4ms, 21597B)
[2026-05-04T04:00:44.975Z] GET http://localhost:5173/node_modules/.pnpm/vite@4.5.14_@types+node@25.6.0/node_modules/vite/dist/client/env.mjs → 200 (3ms, 3226B)
[2026-05-04T04:00:44.975Z] GET http://localhost:5173/node_modules/.vite/deps/react_jsx-dev-runtime.js?v=107359be → 200 (1ms, 37163B)
[2026-05-04T04:00:44.976Z] GET http://localhost:5173/node_modules/.vite/deps/react.js?v=107359be → 200 (?ms, 219B)
[2026-05-04T04:00:44.977Z] GET http://localhost:5173/node_modules/.vite/deps/react-dom_client.js?v=107359be → 200 (?ms, 1216B)
[2026-05-04T04:00:44.977Z] GET http://localhost:5173/src/App.tsx?t=1777866998221 → 200 (4ms, 12429B)
[2026-05-04T04:00:44.977Z] GET http://localhost:5173/src/index.css → 200 (5ms, 2054B)
[2026-05-04T04:00:44.977Z] GET http://localhost:5173/node_modules/.vite/deps/react-router-dom.js?v=107359be → 200 (?ms, 468539B)
[2026-05-04T04:00:44.977Z] GET http://localhost:5173/node_modules/.vite/deps/chunk-OBWBM66N.js?v=107359be → 200 (?ms, 77946B)
[2026-05-04T04:00:44.978Z] GET http://localhost:5173/node_modules/.vite/deps/chunk-UXIASGQL.js?v=107359be → 200 (?ms, 1400B)
[2026-05-04T04:00:44.978Z] GET http://localhost:5173/node_modules/.vite/deps/chunk-ORCCOME2.js?v=107359be → 200 (?ms, 929307B)
[2026-05-04T04:00:44.981Z] GET http://localhost:5173/src/App.css → 200 (2ms, 519B)
[2026-05-04T04:00:44.981Z] GET http://localhost:5173/src/components/navbar.tsx?t=1777866768924 → 200 (2ms, 10713B)
[2026-05-04T04:00:44.981Z] GET http://localhost:5173/src/pages/music.tsx → 200 (2ms, 1399B)
[2026-05-04T04:00:44.981Z] GET http://localhost:5173/src/pages/home.tsx → 200 (2ms, 1998B)
[2026-05-04T04:00:44.981Z] GET http://localhost:5173/src/pages/profile.tsx?t=1777866998221 → 200 (3ms, 9435B)
[2026-05-04T04:00:44.982Z] GET http://localhost:5173/src/pages/connect.tsx → 200 (3ms, 1572B)
[2026-05-04T04:00:44.982Z] GET http://localhost:5173/src/pages/performances.tsx → 200 (1ms, 1476B)
[2026-05-04T04:00:44.982Z] GET http://localhost:5173/src/pages/sign_in.tsx?t=1777866800607 → 200 (1ms, 1019B)
[2026-05-04T04:00:44.982Z] GET http://localhost:5173/src/context/AuthContext.tsx?t=1777866768924 → 200 (2ms, 5320B)
[2026-05-04T04:00:44.982Z] GET http://localhost:5173/src/pages/user_creation_page.tsx?t=1777866768924 → 200 (2ms, 1478B)
[2026-05-04T04:00:44.982Z] GET http://localhost:5173/src/components/ProtectedCreationRoute.tsx?t=1777866808756 → 200 (2ms, 4852B)
[2026-05-04T04:00:44.983Z] GET http://localhost:5173/src/components/maintext.module.css → 200 (1ms, 14506B)
[2026-05-04T04:00:44.983Z] GET http://localhost:5173/src/components/largetext.tsx → 200 (1ms, 1363B)
[2026-05-04T04:00:44.983Z] GET http://localhost:5173/src/components/details.tsx → 200 (3ms, 4939B)
[2026-05-04T04:00:44.983Z] GET http://localhost:5173/src/components/maintext.tsx → 200 (2ms, 5859B)
[2026-05-04T04:00:44.983Z] GET http://localhost:5173/src/components/sign_up_box.tsx?t=1777866800607 → 200 (2ms, 5567B)
[2026-05-04T04:00:44.984Z] GET http://localhost:5173/src/firebase.ts?t=1777866768924 → 200 (1ms, 6418B)
[2026-05-04T04:00:44.984Z] GET http://localhost:5173/node_modules/.vite/deps/firebase_firestore.js?v=107359be → 200 (?ms, 739643B)
[2026-05-04T04:00:44.984Z] GET http://localhost:5173/src/components/profilecard.tsx → 200 (2ms, 17227B)
[2026-05-04T04:00:44.984Z] GET http://localhost:5173/node_modules/.vite/deps/chunk-VH5XYXF4.js?v=107359be → 200 (?ms, 85873B)
[2026-05-04T04:00:44.985Z] GET http://localhost:5173/src/components/user_creation.tsx?t=1777866818285 → 200 (1ms, 64166B)
[2026-05-04T04:00:44.985Z] GET http://localhost:5173/node_modules/.vite/deps/react-google-button.js?v=107359be → 200 (?ms, 62690B)
[2026-05-04T04:00:44.985Z] GET http://localhost:5173/src/components/splashScreen.tsx → 200 (1ms, 1227B)
[2026-05-04T04:00:44.986Z] GET http://localhost:5173/node_modules/.vite/deps/firebase_app.js?v=107359be → 200 (?ms, 1922B)
[2026-05-04T04:00:44.986Z] GET http://localhost:5173/node_modules/.vite/deps/firebase_auth.js?v=107359be → 200 (?ms, 285565B)
[2026-05-04T04:00:44.986Z] GET http://localhost:5173/node_modules/.vite/deps/react-with-firebase-auth.js?v=107359be → 200 (?ms, 11486B)
[2026-05-04T04:00:44.986Z] GET https://googleapis.com/ → pending (?ms, ?B)
[2026-05-04T04:00:44.987Z] GET https://fonts.gstatic.com/s/bevietnampro/v12/QdVPSTAyLFyeg_IDWvOJmVES_Hw3BXoYZ7Aj.woff2 → 200 (?ms, ?B)
[2026-05-04T04:00:44.987Z] GET https://fonts.gstatic.com/s/bevietnampro/v12/QdVMSTAyLFyeg_IDWvOJmVES_HSMIG81Rb0JcBao.woff2 → 200 (?ms, ?B)
[2026-05-04T04:00:44.991Z] GET http://localhost:5173/public/logo(small)v2.png → 304 (?ms, ?B)
[2026-05-04T04:03:15.057Z] GET http://localhost:5173/src/components/ProtectedCreationRoute.tsx?t=1777867395053 → 200 (4ms, 5007B)
[2026-05-04T04:03:22.673Z] GET http://localhost:5173/src/pages/profile.tsx?t=1777867402671 → 200 (2ms, 9722B)
[2026-05-04T04:03:47.799Z] GET http://localhost:5173/src/components/user_creation.tsx?t=1777867427797 → 200 (3ms, 64624B)
[2026-05-04T04:03:57.005Z] GET http://localhost:5173/src/components/user_creation.tsx?t=1777867437003 → 200 (5ms, 65409B)
[2026-05-04T04:04:04.465Z] GET http://localhost:5173/src/components/user_creation.tsx?t=1777867444463 → 200 (5ms, 66887B)
[2026-05-04T04:04:13.796Z] GET http://localhost:5173/sign_in → 200 (2ms, 1388B)
[2026-05-04T04:04:13.802Z] GET http://localhost:5173/@vite/client → 200 (1ms, 86685B)
[2026-05-04T04:04:13.802Z] GET https://fonts.googleapis.com/css2?family=Be+Vietnam+Pro:ital,wght@0,100;0,200;0,300;0,400;0,500;0,600;0,700;0,800;0,900;1,100;1,200;1,300;1,400;1,500;1,600;1,700;1,800;1,900&display=swap → 200 (?ms, 23863B)
[2026-05-04T04:04:13.802Z] GET https://fonts.googleapis.com/css2?family=Be+Vietnam+Pro:ital,wght@0,100;0,200;0,300;0,400;0,500;0,600;0,700;0,800;0,900;1,100;1,200;1,300;1,400;1,500;1,600;1,700;1,800;1,900&family=Passion+One:wght@400;700;900&display=swap → 200 (?ms, 26498B)
[2026-05-04T04:04:13.802Z] GET http://localhost:5173/src/main.tsx?t=1777866998221 → 200 (2ms, 2585B)
[2026-05-04T04:04:13.802Z] GET http://localhost:5173/@react-refresh → 200 (2ms, 21597B)
[2026-05-04T04:04:13.803Z] GET http://localhost:5173/node_modules/.pnpm/vite@4.5.14_@types+node@25.6.0/node_modules/vite/dist/client/env.mjs → 200 (6ms, 3226B)
[2026-05-04T04:04:13.805Z] GET http://localhost:5173/node_modules/.vite/deps/react_jsx-dev-runtime.js?v=107359be → 200 (?ms, 37163B)
[2026-05-04T04:04:13.806Z] GET http://localhost:5173/node_modules/.vite/deps/react.js?v=107359be → 200 (?ms, 219B)
[2026-05-04T04:04:13.806Z] GET http://localhost:5173/node_modules/.vite/deps/react-dom_client.js?v=107359be → 200 (?ms, 1216B)
[2026-05-04T04:04:13.806Z] GET http://localhost:5173/src/App.tsx?t=1777866998221 → 200 (7ms, 12429B)
[2026-05-04T04:04:13.807Z] GET http://localhost:5173/src/index.css → 200 (6ms, 2054B)
[2026-05-04T04:04:13.807Z] GET http://localhost:5173/node_modules/.vite/deps/react-router-dom.js?v=107359be → 200 (?ms, 468539B)
[2026-05-04T04:04:13.807Z] GET http://localhost:5173/node_modules/.vite/deps/chunk-OBWBM66N.js?v=107359be → 200 (?ms, 77946B)
[2026-05-04T04:04:13.808Z] GET http://localhost:5173/node_modules/.vite/deps/chunk-UXIASGQL.js?v=107359be → 200 (?ms, 1400B)
[2026-05-04T04:04:13.810Z] GET http://localhost:5173/node_modules/.vite/deps/chunk-ORCCOME2.js?v=107359be → 200 (?ms, 929307B)
[2026-05-04T04:04:13.813Z] GET http://localhost:5173/src/App.css → 200 (1ms, 519B)
[2026-05-04T04:04:13.813Z] GET http://localhost:5173/src/components/navbar.tsx?t=1777866768924 → 200 (1ms, 10713B)
[2026-05-04T04:04:13.813Z] GET http://localhost:5173/src/pages/music.tsx → 200 (1ms, 1399B)
[2026-05-04T04:04:13.813Z] GET http://localhost:5173/src/pages/home.tsx → 200 (2ms, 1998B)
[2026-05-04T04:04:13.813Z] GET http://localhost:5173/src/pages/profile.tsx?t=1777867402671 → 304 (2ms, ?B)
[2026-05-04T04:04:13.813Z] GET http://localhost:5173/src/pages/connect.tsx → 200 (1ms, 1572B)
[2026-05-04T04:04:13.813Z] GET http://localhost:5173/src/pages/performances.tsx → 200 (5ms, 1476B)
[2026-05-04T04:04:13.813Z] GET http://localhost:5173/src/pages/sign_in.tsx?t=1777866800607 → 200 (1ms, 1019B)
[2026-05-04T04:04:13.813Z] GET http://localhost:5173/src/context/AuthContext.tsx?t=1777866768924 → 200 (1ms, 5320B)
[2026-05-04T04:04:13.813Z] GET http://localhost:5173/src/pages/user_creation_page.tsx?t=1777866768924 → 200 (2ms, 1478B)
[2026-05-04T04:04:13.813Z] GET http://localhost:5173/src/components/ProtectedCreationRoute.tsx?t=1777867395053 → 304 (2ms, ?B)
[2026-05-04T04:04:13.814Z] GET http://localhost:5173/src/components/largetext.tsx → 200 (1ms, 1363B)
[2026-05-04T04:04:13.814Z] GET http://localhost:5173/src/components/maintext.module.css → 200 (4ms, 14506B)
[2026-05-04T04:04:13.814Z] GET http://localhost:5173/src/components/sign_up_box.tsx?t=1777866800607 → 200 (3ms, 5567B)
[2026-05-04T04:04:13.814Z] GET http://localhost:5173/src/firebase.ts?t=1777866768924 → 200 (4ms, 6418B)
[2026-05-04T04:04:13.815Z] GET http://localhost:5173/src/components/details.tsx → 200 (3ms, 4939B)
[2026-05-04T04:04:13.815Z] GET http://localhost:5173/src/components/maintext.tsx → 200 (3ms, 5859B)
[2026-05-04T04:04:13.815Z] GET http://localhost:5173/src/components/user_creation.tsx?t=1777867444463 → 304 (3ms, ?B)
[2026-05-04T04:04:13.815Z] GET http://localhost:5173/node_modules/.vite/deps/firebase_firestore.js?v=107359be → 200 (?ms, 739643B)
[2026-05-04T04:04:13.815Z] GET http://localhost:5173/src/components/profilecard.tsx → 200 (3ms, 17227B)
[2026-05-04T04:04:13.816Z] GET http://localhost:5173/node_modules/.vite/deps/chunk-VH5XYXF4.js?v=107359be → 200 (?ms, 85873B)
[2026-05-04T04:04:13.832Z] GET https://fonts.gstatic.com/s/bevietnampro/v12/QdVPSTAyLFyeg_IDWvOJmVES_Hw3BXoYZ7Aj.woff2 → 200 (?ms, ?B)
[2026-05-04T04:04:13.832Z] GET https://fonts.gstatic.com/s/bevietnampro/v12/QdVMSTAyLFyeg_IDWvOJmVES_HSMIG81Rb0JcBao.woff2 → 200 (?ms, ?B)
[2026-05-04T04:04:13.833Z] GET http://localhost:5173/node_modules/.vite/deps/react-google-button.js?v=107359be → 200 (?ms, 62690B)
[2026-05-04T04:04:13.833Z] GET http://localhost:5173/src/components/splashScreen.tsx → 200 (3ms, 1227B)
[2026-05-04T04:04:13.835Z] GET http://localhost:5173/node_modules/.vite/deps/firebase_app.js?v=107359be → 200 (?ms, 1922B)
[2026-05-04T04:04:13.835Z] GET http://localhost:5173/node_modules/.vite/deps/firebase_auth.js?v=107359be → 200 (?ms, 285565B)
[2026-05-04T04:04:13.835Z] GET http://localhost:5173/node_modules/.vite/deps/react-with-firebase-auth.js?v=107359be → 200 (?ms, 11486B)
[2026-05-04T04:04:13.836Z] GET https://googleapis.com/ → pending (?ms, ?B)
[2026-05-04T04:04:13.838Z] GET http://localhost:5173/public/logo(small)v2.png → 304 (1ms, ?B)
[2026-05-04T04:13:14.189Z] GET http://localhost:5173/ → 204 (24ms, ?B)
[2026-05-04T04:13:14.214Z] GET http://localhost:5173/sign_in → 200 (39ms, 1388B)
[2026-05-04T04:13:14.308Z] GET http://localhost:5173/@vite/client → 200 (108ms, 86685B)
[2026-05-04T04:13:14.308Z] GET https://fonts.googleapis.com/css2?family=Be+Vietnam+Pro:ital,wght@0,100;0,200;0,300;0,400;0,500;0,600;0,700;0,800;0,900;1,100;1,200;1,300;1,400;1,500;1,600;1,700;1,800;1,900&display=swap → 200 (1ms, 23863B)
[2026-05-04T04:13:14.367Z] GET https://fonts.googleapis.com/css2?family=Be+Vietnam+Pro:ital,wght@0,100;0,200;0,300;0,400;0,500;0,600;0,700;0,800;0,900;1,100;1,200;1,300;1,400;1,500;1,600;1,700;1,800;1,900&family=Passion+One:wght@400;700;900&display=swap → 200 (?ms, 26498B)
[2026-05-04T04:13:14.372Z] GET http://localhost:5173/src/main.tsx?t=1777866998221 → 200 (46ms, 2585B)
[2026-05-04T04:13:14.376Z] GET http://localhost:5173/@react-refresh → 200 (51ms, 21597B)
[2026-05-04T04:13:14.399Z] GET https://fonts.gstatic.com/s/bevietnampro/v12/QdVPSTAyLFyeg_IDWvOJmVES_Hw3BXoYZ7Aj.woff2 → 200 (?ms, ?B)
[2026-05-04T04:13:14.400Z] GET https://fonts.gstatic.com/s/bevietnampro/v12/QdVMSTAyLFyeg_IDWvOJmVES_HSMIG81Rb0JcBao.woff2 → 200 (16ms, ?B)
[2026-05-04T04:13:14.417Z] GET http://localhost:5173/node_modules/.pnpm/vite@4.5.14_@types+node@25.6.0/node_modules/vite/dist/client/env.mjs → 200 (11ms, 3226B)
[2026-05-04T04:13:14.418Z] GET http://localhost:5173/node_modules/.vite/deps/react_jsx-dev-runtime.js?v=107359be → 200 (?ms, 37163B)
[2026-05-04T04:13:14.418Z] GET http://localhost:5173/node_modules/.vite/deps/react.js?v=107359be → 200 (?ms, 219B)
[2026-05-04T04:13:14.420Z] GET http://localhost:5173/node_modules/.vite/deps/react-dom_client.js?v=107359be → 200 (?ms, 1216B)
[2026-05-04T04:13:14.420Z] GET http://localhost:5173/src/App.tsx?t=1777866998221 → 200 (8ms, 12429B)
[2026-05-04T04:13:14.420Z] GET http://localhost:5173/src/index.css → 200 (31ms, 2054B)
[2026-05-04T04:13:14.420Z] GET http://localhost:5173/node_modules/.vite/deps/react-router-dom.js?v=107359be → 200 (?ms, 468539B)
[2026-05-04T04:13:14.423Z] GET http://localhost:5173/node_modules/.vite/deps/chunk-OBWBM66N.js?v=107359be → 200 (?ms, 77946B)
[2026-05-04T04:13:14.423Z] GET http://localhost:5173/node_modules/.vite/deps/chunk-UXIASGQL.js?v=107359be → 200 (?ms, 1400B)
[2026-05-04T04:13:14.423Z] GET http://localhost:5173/node_modules/.vite/deps/chunk-ORCCOME2.js?v=107359be → 200 (3ms, 929307B)
[2026-05-04T04:13:14.429Z] GET http://localhost:5173/src/App.css → 200 (21ms, 519B)
[2026-05-04T04:13:14.429Z] GET http://localhost:5173/src/components/navbar.tsx?t=1777866768924 → 200 (25ms, 10713B)
[2026-05-04T04:13:14.429Z] GET http://localhost:5173/src/pages/music.tsx → 200 (27ms, 1399B)
[2026-05-04T04:13:14.437Z] GET http://localhost:5173/src/pages/home.tsx → 200 (22ms, 1998B)
[2026-05-04T04:13:14.437Z] GET http://localhost:5173/src/pages/profile.tsx?t=1777867402671 → 200 (21ms, 9722B)
[2026-05-04T04:13:14.437Z] GET http://localhost:5173/src/pages/connect.tsx → 200 (25ms, 1572B)
[2026-05-04T04:13:14.437Z] GET http://localhost:5173/src/pages/performances.tsx → 200 (28ms, 1476B)
[2026-05-04T04:13:14.437Z] GET http://localhost:5173/src/pages/sign_in.tsx?t=1777866800607 → 200 (18ms, 1019B)
[2026-05-04T04:13:14.439Z] GET http://localhost:5173/src/context/AuthContext.tsx?t=1777866768924 → 200 (22ms, 5320B)
[2026-05-04T04:13:14.440Z] GET http://localhost:5173/src/pages/user_creation_page.tsx?t=1777866768924 → 200 (22ms, 1478B)
[2026-05-04T04:13:14.449Z] GET http://localhost:5173/src/components/ProtectedCreationRoute.tsx?t=1777867395053 → 200 (13ms, 5007B)
[2026-05-04T04:13:14.454Z] GET http://localhost:5173/src/components/maintext.module.css → 200 (11ms, 14506B)
[2026-05-04T04:13:14.456Z] GET http://localhost:5173/src/components/sign_up_box.tsx?t=1777866800607 → 200 (6ms, 5567B)
[2026-05-04T04:13:14.456Z] GET http://localhost:5173/src/components/largetext.tsx → 200 (7ms, 1363B)
[2026-05-04T04:13:14.458Z] GET http://localhost:5173/node_modules/.vite/deps/firebase_firestore.js?v=107359be → 200 (?ms, 739643B)
[2026-05-04T04:13:14.459Z] GET http://localhost:5173/src/components/profilecard.tsx → 200 (4ms, 17227B)
[2026-05-04T04:13:14.459Z] GET http://localhost:5173/src/firebase.ts?t=1777866768924 → 200 (4ms, 6418B)
[2026-05-04T04:13:14.459Z] GET http://localhost:5173/node_modules/.vite/deps/chunk-VH5XYXF4.js?v=107359be → 200 (?ms, 85873B)
[2026-05-04T04:13:14.461Z] GET http://localhost:5173/src/components/details.tsx → 200 (4ms, 4939B)
[2026-05-04T04:13:14.461Z] GET http://localhost:5173/src/components/maintext.tsx → 200 (4ms, 5859B)
[2026-05-04T04:13:14.462Z] GET http://localhost:5173/src/components/user_creation.tsx?t=1777867444463 → 200 (5ms, 66887B)
[2026-05-04T04:13:14.462Z] GET http://localhost:5173/node_modules/.vite/deps/react-google-button.js?v=107359be → 200 (?ms, 62690B)
[2026-05-04T04:13:14.463Z] GET http://localhost:5173/src/components/splashScreen.tsx → 200 (4ms, 1227B)
[2026-05-04T04:13:14.463Z] GET http://localhost:5173/node_modules/.vite/deps/firebase_app.js?v=107359be → 200 (?ms, 1922B)
[2026-05-04T04:13:14.464Z] GET http://localhost:5173/node_modules/.vite/deps/firebase_auth.js?v=107359be → 200 (?ms, 285565B)
[2026-05-04T04:13:14.465Z] GET http://localhost:5173/node_modules/.vite/deps/react-with-firebase-auth.js?v=107359be → 200 (?ms, 11486B)
[2026-05-04T04:13:14.467Z] GET https://googleapis.com/ → pending (?ms, ?B)
[2026-05-04T04:13:14.469Z] GET http://localhost:5173/public/logo(small)v2.png → 304 (?ms, ?B)
[2026-05-04T04:16:00.665Z] GET http://localhost:5173/src/components/user_creation.tsx?t=1777868160627 → 200 (96ms, 67094B)
[2026-05-04T04:17:24.048Z] GET http://localhost:5173/ → pending (?ms, ?B)
[2026-05-04T04:17:25.049Z] GET http://localhost:5173/ → pending (?ms, ?B)
[2026-05-04T04:17:26.054Z] GET http://localhost:5173/ → pending (?ms, ?B)
[2026-05-04T04:17:27.056Z] GET http://localhost:5173/ → pending (?ms, ?B)
[2026-05-04T04:17:28.060Z] GET http://localhost:5173/ → pending (?ms, ?B)
[2026-05-04T04:17:29.064Z] GET http://localhost:5173/ → pending (?ms, ?B)
[2026-05-04T04:17:30.068Z] GET http://localhost:5173/ → pending (?ms, ?B)
[2026-05-04T04:17:31.072Z] GET http://localhost:5173/ → pending (?ms, ?B)
[2026-05-04T04:17:32.075Z] GET http://localhost:5173/ → pending (?ms, ?B)
[2026-05-04T04:17:33.078Z] GET http://localhost:5173/ → 204 (5ms, ?B)
[2026-05-04T04:17:33.084Z] GET http://localhost:5173/sign_in → 200 (15ms, 1372B)
[2026-05-04T04:17:33.105Z] GET http://localhost:5173/@vite/client → 200 (10ms, 86685B)
[2026-05-04T04:17:33.105Z] GET https://fonts.googleapis.com/css2?family=Be+Vietnam+Pro:ital,wght@0,100;0,200;0,300;0,400;0,500;0,600;0,700;0,800;0,900;1,100;1,200;1,300;1,400;1,500;1,600;1,700;1,800;1,900&display=swap → 200 (?ms, 23863B)
[2026-05-04T04:17:33.108Z] GET https://fonts.googleapis.com/css2?family=Be+Vietnam+Pro:ital,wght@0,100;0,200;0,300;0,400;0,500;0,600;0,700;0,800;0,900;1,100;1,200;1,300;1,400;1,500;1,600;1,700;1,800;1,900&family=Passion+One:wght@400;700;900&display=swap → 200 (?ms, 26498B)
[2026-05-04T04:17:33.109Z] GET http://localhost:5173/src/main.tsx → 200 (6ms, 2569B)
[2026-05-04T04:17:33.109Z] GET http://localhost:5173/@react-refresh → 200 (12ms, 21597B)
[2026-05-04T04:17:33.115Z] GET http://localhost:5173/node_modules/.pnpm/vite@4.5.14_@types+node@25.6.0/node_modules/vite/dist/client/env.mjs → 200 (33ms, 3226B)
[2026-05-04T04:17:33.116Z] GET http://localhost:5173/node_modules/.vite/deps/react_jsx-dev-runtime.js?v=107359be → 200 (?ms, 37163B)
[2026-05-04T04:17:33.116Z] GET http://localhost:5173/node_modules/.vite/deps/react.js?v=107359be → 200 (?ms, 219B)
[2026-05-04T04:17:33.116Z] GET http://localhost:5173/node_modules/.vite/deps/react-dom_client.js?v=107359be → 200 (2ms, 1216B)
[2026-05-04T04:17:33.119Z] GET http://localhost:5173/src/App.tsx → 200 (28ms, 12333B)
[2026-05-04T04:17:33.119Z] GET http://localhost:5173/src/index.css → 200 (27ms, 2054B)
[2026-05-04T04:17:33.119Z] GET http://localhost:5173/node_modules/.vite/deps/react-router-dom.js?v=107359be → 200 (?ms, 468539B)
[2026-05-04T04:17:33.120Z] GET http://localhost:5173/node_modules/.vite/deps/chunk-OBWBM66N.js?v=107359be → 200 (?ms, 77946B)
[2026-05-04T04:17:33.120Z] GET http://localhost:5173/node_modules/.vite/deps/chunk-UXIASGQL.js?v=107359be → 200 (?ms, 1400B)
[2026-05-04T04:17:33.120Z] GET http://localhost:5173/node_modules/.vite/deps/chunk-ORCCOME2.js?v=107359be → 200 (?ms, 929307B)
[2026-05-04T04:17:33.124Z] GET https://fonts.gstatic.com/s/bevietnampro/v12/QdVPSTAyLFyeg_IDWvOJmVES_Hw3BXoYZ7Aj.woff2 → 200 (?ms, ?B)
[2026-05-04T04:17:33.124Z] GET https://fonts.gstatic.com/s/bevietnampro/v12/QdVMSTAyLFyeg_IDWvOJmVES_HSMIG81Rb0JcBao.woff2 → 200 (?ms, ?B)
[2026-05-04T04:17:33.147Z] GET http://localhost:5173/src/App.css → 200 (13ms, 519B)
[2026-05-04T04:17:33.147Z] GET http://localhost:5173/src/components/navbar.tsx → 200 (24ms, 10697B)
[2026-05-04T04:17:33.147Z] GET http://localhost:5173/src/pages/music.tsx → 200 (22ms, 1399B)
[2026-05-04T04:17:33.147Z] GET http://localhost:5173/src/pages/home.tsx → 200 (23ms, 1998B)
[2026-05-04T04:17:33.147Z] GET http://localhost:5173/src/pages/profile.tsx → 200 (20ms, 9690B)
[2026-05-04T04:17:33.147Z] GET http://localhost:5173/src/pages/connect.tsx → 200 (24ms, 1572B)
[2026-05-04T04:17:33.147Z] GET http://localhost:5173/src/pages/performances.tsx → 200 (25ms, 1476B)
[2026-05-04T04:17:33.148Z] GET http://localhost:5173/src/pages/sign_in.tsx → 200 (20ms, 1003B)
[2026-05-04T04:17:33.148Z] GET http://localhost:5173/src/context/AuthContext.tsx → 200 (23ms, 5304B)
[2026-05-04T04:17:33.148Z] GET http://localhost:5173/src/pages/user_creation_page.tsx → 200 (23ms, 1462B)
[2026-05-04T04:17:33.148Z] GET http://localhost:5173/src/components/ProtectedCreationRoute.tsx → 200 (24ms, 4991B)
[2026-05-04T04:17:33.168Z] GET http://localhost:5173/node_modules/.vite/deps/firebase_firestore.js?v=107359be → 200 (1ms, 739643B)
[2026-05-04T04:17:33.169Z] GET http://localhost:5173/src/components/largetext.tsx → 200 (27ms, 1363B)
[2026-05-04T04:17:33.169Z] GET http://localhost:5173/src/components/profilecard.tsx → 200 (25ms, 17227B)
[2026-05-04T04:17:33.169Z] GET http://localhost:5173/src/firebase.ts → 200 (27ms, 6418B)
[2026-05-04T04:17:33.169Z] GET http://localhost:5173/src/components/sign_up_box.tsx → 200 (26ms, 5535B)
[2026-05-04T04:17:33.169Z] GET http://localhost:5173/node_modules/.vite/deps/chunk-VH5XYXF4.js?v=107359be → 200 (?ms, 85873B)
[2026-05-04T04:17:33.171Z] GET http://localhost:5173/src/components/details.tsx → 200 (23ms, 4939B)
[2026-05-04T04:17:33.171Z] GET http://localhost:5173/src/components/maintext.tsx → 200 (23ms, 5859B)
[2026-05-04T04:17:33.171Z] GET http://localhost:5173/src/components/maintext.module.css → 200 (25ms, 14506B)
[2026-05-04T04:17:33.171Z] GET http://localhost:5173/src/components/user_creation.tsx → 200 (26ms, 67062B)
[2026-05-04T04:17:33.195Z] GET http://localhost:5173/node_modules/.vite/deps/react-google-button.js?v=107359be → 200 (1ms, 62690B)
[2026-05-04T04:17:33.196Z] GET http://localhost:5173/src/components/splashScreen.tsx → 200 (5ms, 1227B)
[2026-05-04T04:17:33.196Z] GET http://localhost:5173/node_modules/.vite/deps/firebase_app.js?v=107359be → 200 (?ms, 1922B)
[2026-05-04T04:17:33.196Z] GET http://localhost:5173/node_modules/.vite/deps/firebase_auth.js?v=107359be → 200 (?ms, 285565B)
[2026-05-04T04:17:33.196Z] GET http://localhost:5173/node_modules/.vite/deps/react-with-firebase-auth.js?v=107359be → 200 (?ms, 11486B)
[2026-05-04T04:17:33.205Z] GET https://googleapis.com/ → pending (?ms, ?B)
[2026-05-04T04:17:33.208Z] GET http://localhost:5173/public/logo(small)v2.png → 304 (?ms, ?B)
[2026-05-04T04:23:38.681Z] GET http://localhost:5173/src/App.tsx?t=1777868618655 → 200 (8ms, 12349B)
[2026-05-04T04:23:38.699Z] GET http://localhost:5173/src/components/navbar.tsx?t=1777868618655 → 200 (2ms, 11161B)
